Arguments: 
  /Users/justoxh/.nvm/versions/node/v12.12.0/bin/node /usr/local/Cellar/yarn/1.22.5/libexec/bin/yarn.js

PATH: 
  /Users/justoxh/.nvm/versions/node/v12.12.0/bin:/usr/local/Cellar/node/11.5.0/bin:/Users/justoxh/.composer/vendor/bin:/Users/justoxh/.cargo/bin:/Users/justoxh/.cargo/bin:/Users/justoxh/.rvm/gems/ruby-2.5.3/bin:/Users/justoxh/.rvm/gems/ruby-2.5.3@global/bin:/Users/justoxh/.rvm/rubies/ruby-2.5.3/bin:/Users/justoxh/.cargo/bin:/usr/local/bin:/usr/bin:/bin:/usr/sbin:/sbin:/usr/local/go/bin:/usr/local/share/dotnet:~/.dotnet/tools:/Library/Frameworks/Mono.framework/Versions/Current/Commands:/Users/justoxh/.rvm/bin:/Users/justoxh/.rvm/bin:/Users/justoxh/go/bin:/usr/local/opt/mysql@5.7/bin:/Library/Frameworks/Mono.framework/Versions/6.0.0/bin

Yarn version: 
  1.22.5

Node version: 
  12.12.0

Platform: 
  darwin x64

Trace: 
  Error: read ECONNRESET
      at TLSWrap.onStreamRead (internal/stream_base_commons.js:201:27)

npm manifest: 
  {
    "name": "dego-token",
    "version": "0.0.1",
    "description": "",
    "repository": {
      "type": "git",
      "url": "*.git"
    },
    "license": "MIT",
    "dependencies": {
      "@openzeppelin/contracts": "^3.2.0",
      "bs58": "^4.0.1",
      "solc-js": "^0.5.0",
      "truffle-flattener": "^1.3.0"
    },
    "devDependencies": {
      "chai": "^4.2.0",
      "coveralls": "^3.0.7",
      "eslint": "^6.6.0",
      "eslint-config-standard": "^14.1.0",
      "eslint-plugin-import": "^2.14.0",
      "eslint-plugin-node": "^10.0.0",
      "eslint-plugin-promise": "^4.0.1",
      "eslint-plugin-standard": "^4.0.0",
      "eth-gas-reporter": "^0.2.12",
      "ganache-cli": "^6.7.0",
      "openzeppelin-test-helpers": "^0.5.1",
      "solc": "^0.5.17",
      "solidity-coverage": "^0.6.7",
      "solium": "^1.2.5",
      "truffle": "^5.0.43",
      "truffle-flattener": "^1.3.0"
    },
    "scripts": {
      "test": "scripts/test.sh",
      "coverage": "scripts/coverage.sh && cat coverage/lcov.info | coveralls",
      "lint:js": "eslint .",
      "lint:js:fix": "eslint . --fix",
      "lint:sol": "solium -d .",
      "lint:sol:fix": "solium -d . --fix",
      "lint": "npm run lint:js && npm run lint:sol",
      "lint:fix": "npm run lint:js:fix && npm run lint:sol:fix",
      "deploy": "scripts/deploy.sh"
    }
  }

yarn manifest: 
  No manifest

Lockfile: 
  No lockfile
